Devs:
https://github.com/MrCokoko
https://github.com/Sharksy
https://github.com/thiccchris
https://github.com/Tsarina-Ash


Massive Thank You To The TNO Devs For The Economy System
We Are Modifying It And It Is In Testing
Credits Will Be Given On Steam Once Mod Releases

TNO MOD LINK:
https://steamcommunity.com/sharedfiles/filedetails/?id=2438003901

TNO DISCORD LINK:
https://discord.gg/tno

Update Timeline:

(1920-1930) The Roaring 20's

Complete focus trees for:

United States

Phillipines

Canada

Brazil

Mexico

(1920-1930) Old World Blues

United Kingdom

France

Germany

Ireland

(1920-1930) Red Terror

Complete focus trees for:

Soviet Union

Finland

Poland

(1920-1930) The Medditeranean Fizzle

Portugal

Spain

Italy

(1920-1930) Crashing Balkans

Complete focus trees for:

Yugoslavia

Romania

Czechlovakia

Hungary

(1920-1930) Roaring Tigers

Complete focus trees for:

Japan

China

Shanxi

Guanxi

Manchukuo

Xibei San Ma

Sinkiang

Mongolia

(1920-1930) East India Co.

Siam

Indonesia

India

Australia

(1920-1930) Balkan Partition

Bulgaria

Turkey

Greece

(1920-1930) Shifting Sands

Complete focus trees for:

South Africa

Ethiopia

Iraq

Iran

Saudi Arabia

Congo

(1920-1930) Exhausted World

Complete focus trees for:

Norway

Sweden

Switzerland

Netherlands